<?xml version="1.0" encoding="UTF-8"?>
<!-- Generated by org.testng.reporters.JUnitReportReporter -->
<testsuite skipped="0" hostname="MMB" name="com.AutomationTalks.project1.TESTCLASS1" tests="3" failures="0" timestamp="2020-06-26T03:28:34 IRDT" time="56.913" errors="0">
  <testcase name="test1" time="24.062" classname="com.AutomationTalks.project1.TESTCLASS1"/>
  <system-out/>
  <testcase name="test3" time="6.886" classname="com.AutomationTalks.project1.TESTCLASS1"/>
  <system-out/>
  <testcase name="test2" time="25.965" classname="com.AutomationTalks.project1.TESTCLASS1"/>
  <system-out/>
</testsuite> <!-- com.AutomationTalks.project1.TESTCLASS1 -->
